<?xml version="1.0" encoding="UTF-8"?>
<!-- Generated by org.testng.reporters.JUnitReportReporter -->
<testsuite hostname="ICTDEV-W25" failures="0" tests="4" name="com.assignment.qa.testcases.HomepageTest" time="82.654" errors="0" timestamp="2022-11-30T10:40:36 IST" skipped="0">
  <testcase classname="com.assignment.qa.testcases.HomepageTest" name="VerifyPageTitleTest" time="11.878"/>
  <system-out/>
  <testcase classname="com.assignment.qa.testcases.HomepageTest" name="ClickOnUsersLink" time="21.672"/>
  <system-out/>
  <testcase classname="com.assignment.qa.testcases.HomepageTest" name="ClickOnApproveTimeTrackLink" time="26.850"/>
  <system-out/>
  <testcase classname="com.assignment.qa.testcases.HomepageTest" name="ClickOnReportLink" time="22.254"/>
  <system-out/>
</testsuite> <!-- com.assignment.qa.testcases.HomepageTest -->
