<?xml version="1.0" encoding="UTF-8"?>
<!-- Generated by org.testng.reporters.JUnitReportReporter -->
<testsuite hostname="ICTDEV-W25" failures="0" tests="1" name="com.assignment.qa.testcases.UserpageTest" time="19.154" errors="0" timestamp="2022-11-30T10:40:36 IST" skipped="0">
  <testcase classname="com.assignment.qa.testcases.UserpageTest" name="VerifyUserTitleLableTest" time="19.154"/>
  <system-out/>
</testsuite> <!-- com.assignment.qa.testcases.UserpageTest -->
