<?xml version="1.0" encoding="UTF-8"?>
<!-- Generated by org.testng.reporters.JUnitReportReporter -->
<testsuite hostname="ICTDEV-W25" failures="0" tests="2" name="com.assignment.qa.testcases.ApprovepageTest" time="50.935" errors="0" timestamp="2022-11-30T10:40:36 IST" skipped="0">
  <testcase classname="com.assignment.qa.testcases.ApprovepageTest" name="VerifyUserTitleLableTest" time="22.957"/>
  <system-out/>
  <testcase classname="com.assignment.qa.testcases.ApprovepageTest" name="ApproveTime" time="27.978"/>
  <system-out/>
</testsuite> <!-- com.assignment.qa.testcases.ApprovepageTest -->
